<?xml version="1.0" encoding="UTF-8"?>
<!-- Generated by org.testng.reporters.JUnitReportReporter -->
<testsuite hostname="LAPTOP-0OP7ATS7" failures="0" tests="5" name="testCases.TC003_LoginDDT" time="49.589" errors="0" timestamp="2024-09-25T22:52:04 IST" skipped="0">
  <testcase classname="testCases.TC003_LoginDDT" name="verify_loginDDT" time="18.651"/>
  <testcase classname="testCases.TC003_LoginDDT" name="verify_loginDDT" time="13.151"/>
  <testcase classname="testCases.TC003_LoginDDT" name="verify_loginDDT" time="1.395"/>
  <testcase classname="testCases.TC003_LoginDDT" name="verify_loginDDT" time="10.903"/>
  <testcase classname="testCases.TC003_LoginDDT" name="verify_loginDDT" time="5.489"/>
</testsuite> <!-- testCases.TC003_LoginDDT -->
