<?xml version="1.0" encoding="UTF-8"?>
<!-- Generated by org.testng.reporters.JUnitReportReporter -->
<testsuite hostname="LAPTOP-0OP7ATS7" failures="0" tests="1" name="testCases.TC002_LoginTest" time="1.259" errors="0" timestamp="2024-10-10T17:05:16 IST" skipped="0">
  <testcase classname="testCases.TC002_LoginTest" name="verify_Login" time="1.259"/>
  <system-out>
    <![CDATA[LBPtE
tqNKM
OCXfI
6422399068
DqV@503]]>
  </system-out>
</testsuite> <!-- testCases.TC002_LoginTest -->
