<?xml version="1.0" encoding="UTF-8"?>
<!-- Generated by org.testng.reporters.JUnitReportReporter -->
<testsuite hostname="LAPTOP-0OP7ATS7" failures="0" tests="1" name="testCases.TC002_LoginTest" time="1.395" errors="0" timestamp="2024-10-16T00:34:02 IST" skipped="0">
  <testcase classname="testCases.TC002_LoginTest" name="verify_Login" time="1.395"/>
  <system-out>
    <![CDATA[MQRvt
UEzFI
MXyhs
2680014843
xTT@567]]>
  </system-out>
</testsuite> <!-- testCases.TC002_LoginTest -->
